<?xml version="1.0" encoding="UTF-8"?>
<!-- Generated by org.testng.reporters.JUnitReportReporter -->
<testsuite skipped="0" hostname="LAPTOP-N8ICA1Q5" name="TestCaseTrial.DashboardPage1" tests="1" failures="0" timestamp="2021-10-22T15:34:48 IST" time="0.677" errors="0">
  <testcase name="linkWindowHandle" time="0.677" classname="TestCaseTrial.DashboardPage1"/>
  <system-out/>
</testsuite> <!-- TestCaseTrial.DashboardPage1 -->
