<?xml version="1.0" encoding="UTF-8"?>
<!-- Generated by org.testng.reporters.JUnitReportReporter -->
<testsuite skipped="0" hostname="LAPTOP-N8ICA1Q5" name="TestCaseTrial.LoginPage1" tests="9" failures="0" timestamp="2021-10-21T14:59:38 IST" time="2.127" errors="0">
  <testcase name="checkTitle" time="0.020" classname="TestCaseTrial.LoginPage1"/>
  <system-out/>
  <testcase name="checkLabel" time="0.058" classname="TestCaseTrial.LoginPage1"/>
  <system-out/>
  <testcase name="checkHeading" time="0.042" classname="TestCaseTrial.LoginPage1"/>
  <system-out/>
  <testcase name="checkLoginMessage" time="0.052" classname="TestCaseTrial.LoginPage1"/>
  <system-out/>
  <testcase name="checkEmailPlaceholder" time="0.068" classname="TestCaseTrial.LoginPage1"/>
  <system-out/>
  <testcase name="checkPasswordPlaceholder" time="0.055" classname="TestCaseTrial.LoginPage1"/>
  <system-out/>
  <testcase name="checkCrediantialsEmailId" time="0.449" classname="TestCaseTrial.LoginPage1"/>
  <system-out/>
  <testcase name="checkCrediantialsPassword" time="0.303" classname="TestCaseTrial.LoginPage1"/>
  <system-out/>
  <testcase name="verifyLogin" time="1.080" classname="TestCaseTrial.LoginPage1"/>
  <system-out/>
</testsuite> <!-- TestCaseTrial.LoginPage1 -->
